<?xml version="1.0" encoding="UTF-8"?>
<!-- Generated by org.testng.reporters.JUnitXMLReporter -->
<testsuite ignored="0" hostname="DESKTOP-EODLVLU" failures="0" tests="6" name="Surefire test" time="0.048" errors="0" timestamp="2021-08-02T00:45:21 IST">
  <testcase classname="achievers.appiumTest" name="androidLogin" time="0.004"/>
  <testcase classname="achievers.appiumTest" name="iosLogin" time="0.0"/>
  <testcase classname="achievers.restAssuredTest" name="restPart1" time="0.0"/>
  <testcase classname="achievers.restAssuredTest" name="restPart2" time="0.0"/>
  <testcase classname="achievers.seleniumTest" name="seleniumPart1" time="0.0"/>
  <testcase classname="achievers.seleniumTest" name="seleniumPart2" time="0.0"/>
</testsuite> <!-- Surefire test -->
