<?xml version="1.0" encoding="UTF-8"?>
<!-- Generated by org.testng.reporters.JUnitXMLReporter -->
<testsuite ignored="3" hostname="DESKTOP-EODLVLU" failures="0" tests="1" name="Default test" time="0.054" errors="0" timestamp="2021-08-16T01:16:10 IST">
  <testcase classname="achievers.seleniumTest" name="seleniumPart4" time="0.008"/>
  <testcase classname="achievers.seleniumTest" name="seleniumPart2" time="0.0">
    <ignored/>
  </testcase> <!-- seleniumPart2 -->
  <testcase classname="achievers.seleniumTest" name="seleniumPart3" time="0.0">
    <ignored/>
  </testcase> <!-- seleniumPart3 -->
  <testcase classname="achievers.seleniumTest" name="seleniumPart1" time="0.0">
    <ignored/>
  </testcase> <!-- seleniumPart1 -->
</testsuite> <!-- Default test -->
