<?xml version="1.0" encoding="UTF-8"?>
<!-- Generated by org.testng.reporters.JUnitXMLReporter -->
<testsuite ignored="0" hostname="DESKTOP-EODLVLU" failures="0" tests="6" name="Test" time="0.075" errors="0" timestamp="2021-08-02T00:24:18 IST">
  <testcase classname="achievers.seleniumTest" name="seleniumPart1" time="0.011"/>
  <testcase classname="achievers.seleniumTest" name="seleniumPart2" time="0.001"/>
  <testcase classname="achievers.appiumTest" name="androidLogin" time="0.002"/>
  <testcase classname="achievers.appiumTest" name="iosLogin" time="0.001"/>
  <testcase classname="achievers.restAssuredTest" name="restPart1" time="0.002"/>
  <testcase classname="achievers.restAssuredTest" name="restPart2" time="0.001"/>
</testsuite> <!-- Test -->
