<?xml version="1.0" encoding="UTF-8"?>
<testng-results skipped="0" failed="0" ignored="0" total="2" passed="2">
  <reporter-output>
  </reporter-output>
  <suite name="Suite" duration-ms="35" started-at="2021-08-03T14:51:10 IST" finished-at="2021-08-03T14:51:10 IST">
    <groups>
    </groups>
    <test name="Test" duration-ms="35" started-at="2021-08-03T14:51:10 IST" finished-at="2021-08-03T14:51:10 IST">
      <class name="achievers.seleniumTest">
        <test-method status="PASS" signature="seleniumPart1()[pri:0, instance:achievers.seleniumTest@56ef9176]" name="seleniumPart1" duration-ms="4" started-at="2021-08-03T14:51:10 IST" finished-at="2021-08-03T14:51:10 IST">
          <reporter-output>
          </reporter-output>
        </test-method> <!-- seleniumPart1 -->
        <test-method status="PASS" signature="seleniumPart2()[pri:0, instance:achievers.seleniumTest@56ef9176]" name="seleniumPart2" duration-ms="0" started-at="2021-08-03T14:51:10 IST" finished-at="2021-08-03T14:51:10 IST">
          <reporter-output>
          </reporter-output>
        </test-method> <!-- seleniumPart2 -->
      </class> <!-- achievers.seleniumTest -->
    </test> <!-- Test -->
  </suite> <!-- Suite -->
</testng-results>
