<?xml version="1.0" encoding="UTF-8"?>
<testng-results ignored="3" total="4" passed="1" failed="0" skipped="0">
  <reporter-output>
  </reporter-output>
  <suite started-at="2021-08-16T01:16:10 IST" name="Default suite" finished-at="2021-08-16T01:16:10 IST" duration-ms="54">
    <groups>
    </groups>
    <test started-at="2021-08-16T01:16:10 IST" name="Default test" finished-at="2021-08-16T01:16:10 IST" duration-ms="54">
      <class name="achievers.seleniumTest">
        <test-method signature="seleniumPart4()[pri:0, instance:achievers.seleniumTest@3aefe5e5]" started-at="2021-08-16T01:16:10 IST" name="seleniumPart4" finished-at="2021-08-16T01:16:10 IST" duration-ms="8" status="PASS">
          <reporter-output>
          </reporter-output>
        </test-method> <!-- seleniumPart4 -->
      </class> <!-- achievers.seleniumTest -->
    </test> <!-- Default test -->
  </suite> <!-- Default suite -->
</testng-results>
