<?xml version="1.0" encoding="UTF-8"?>
<testng-results ignored="0" total="6" passed="6" failed="0" skipped="0">
  <reporter-output>
  </reporter-output>
  <suite started-at="2021-08-02T00:24:18 IST" name="Suite" finished-at="2021-08-02T00:24:18 IST" duration-ms="75">
    <groups>
    </groups>
    <test started-at="2021-08-02T00:24:18 IST" name="Test" finished-at="2021-08-02T00:24:18 IST" duration-ms="75">
      <class name="achievers.seleniumTest">
        <test-method signature="seleniumPart1()[pri:0, instance:achievers.seleniumTest@3cc2931c]" started-at="2021-08-02T00:24:18 IST" name="seleniumPart1" finished-at="2021-08-02T00:24:18 IST" duration-ms="11" status="PASS">
          <reporter-output>
          </reporter-output>
        </test-method> <!-- seleniumPart1 -->
        <test-method signature="seleniumPart2()[pri:0, instance:achievers.seleniumTest@3cc2931c]" started-at="2021-08-02T00:24:18 IST" name="seleniumPart2" finished-at="2021-08-02T00:24:18 IST" duration-ms="1" status="PASS">
          <reporter-output>
          </reporter-output>
        </test-method> <!-- seleniumPart2 -->
      </class> <!-- achievers.seleniumTest -->
      <class name="achievers.restAssuredTest">
        <test-method signature="restPart1()[pri:0, instance:achievers.restAssuredTest@47d90b9e]" started-at="2021-08-02T00:24:18 IST" name="restPart1" finished-at="2021-08-02T00:24:18 IST" duration-ms="2" status="PASS">
          <reporter-output>
          </reporter-output>
        </test-method> <!-- restPart1 -->
        <test-method signature="restPart2()[pri:0, instance:achievers.restAssuredTest@47d90b9e]" started-at="2021-08-02T00:24:18 IST" name="restPart2" finished-at="2021-08-02T00:24:18 IST" duration-ms="1" status="PASS">
          <reporter-output>
          </reporter-output>
        </test-method> <!-- restPart2 -->
      </class> <!-- achievers.restAssuredTest -->
      <class name="achievers.appiumTest">
        <test-method signature="androidLogin()[pri:0, instance:achievers.appiumTest@460d0a57]" started-at="2021-08-02T00:24:18 IST" name="androidLogin" finished-at="2021-08-02T00:24:18 IST" duration-ms="2" status="PASS">
          <reporter-output>
          </reporter-output>
        </test-method> <!-- androidLogin -->
        <test-method signature="iosLogin()[pri:0, instance:achievers.appiumTest@460d0a57]" started-at="2021-08-02T00:24:18 IST" name="iosLogin" finished-at="2021-08-02T00:24:18 IST" duration-ms="1" status="PASS">
          <reporter-output>
          </reporter-output>
        </test-method> <!-- iosLogin -->
      </class> <!-- achievers.appiumTest -->
    </test> <!-- Test -->
  </suite> <!-- Suite -->
</testng-results>
